<?xml version="1.0" encoding="UTF-8"?>
<TestRun id="686aa1b0-1848-42b1-b659-82b98c136b4b" name="Steven@2TAFFY 2011-11-15 01:21:34" runUser="2taffy\Steven" xmlns="http://microsoft.com/schemas/VisualStudio/TeamTest/2010">
  <TestSettings name="Local" id="4410de8a-38d1-403a-bdf5-078b41739082">
    <Description>These are default test settings for a local test run.</Description>
    <Deployment enabled="false" runDeploymentRoot="Steven_2TAFFY 2011-11-15 01_21_34">
      <DeploymentItem filename="C:\Users\Steven\Documents\Visual Studio 2010\Projects\Fast_Script\Fast Script\bin\Debug\Fast Script.exe" />
      <DeploymentItem filename="C:\Users\Steven\Documents\Visual Studio 2010\Projects\Fast_Script\Fast Script\yeti.mmedia\bin\Debug\yeti.mmedia.dll" />
      <DeploymentItem filename="C:\Users\Steven\Documents\Visual Studio 2010\Projects\Fast_Script\Fast Script\yeti.mp3\bin\Debug\yeti.mp3.dll" />
    </Deployment>
    <Execution>
      <TestTypeSpecific />
      <AgentRule name="Execution Agents">
      </AgentRule>
    </Execution>
  </TestSettings>
  <Times creation="2011-11-15T01:21:34.9189453-05:00" queuing="2011-11-15T01:21:36.8105468-05:00" start="2011-11-15T01:21:37.2373046-05:00" finish="2011-11-15T01:21:46.2490234-05:00" />
  <ResultSummary outcome="Completed">
    <Counters total="1" executed="1" passed="1" error="0" failed="0" timeout="0" aborted="0" inconclusive="0" passedButRunAborted="0" notRunnable="0" notExecuted="0" disconnected="0" warning="0" completed="0" inProgress="0" pending="0" />
  </ResultSummary>
  <TestDefinitions>
    <UnitTest name="getChaptersTest" storage="c:\users\steven\documents\visual studio 2010\projects\fast_script\testfastscript\bin\debug\testfastscript.dll" id="b58b5f83-b5f6-7edd-8bd5-58ae279ea551">
      <Execution id="91418986-b6ae-408f-921d-7ad16323fb8a" />
      <TestMethod codeBase="C:/Users/Steven/Documents/Visual Studio 2010/Projects/Fast_Script/TestFastScript/bin/Debug/TestFastScript.DLL" adapterTypeName="Microsoft.VisualStudio.TestTools.TestTypes.Unit.UnitTestAdapter, Microsoft.VisualStudio.QualityTools.Tips.UnitTest.Adapter, Version=10.0.0.0, Culture=neutral, PublicKeyToken=b03f5f7f11d50a3a" className="TestFastScript.indexLookerTest, TestFastScript, Version=1.0.0.0, Culture=neutral, PublicKeyToken=null" name="getChaptersTest" />
    </UnitTest>
  </TestDefinitions>
  <TestLists>
    <TestList name="Results Not in a List" id="8c84fa94-04c1-424b-9868-57a2d4851a1d" />
    <TestList name="All Loaded Results" id="19431567-8539-422a-85d7-44ee4e166bda" />
  </TestLists>
  <TestEntries>
    <TestEntry testId="b58b5f83-b5f6-7edd-8bd5-58ae279ea551" executionId="91418986-b6ae-408f-921d-7ad16323fb8a" testListId="8c84fa94-04c1-424b-9868-57a2d4851a1d" />
  </TestEntries>
  <Results>
    <UnitTestResult executionId="91418986-b6ae-408f-921d-7ad16323fb8a" testId="b58b5f83-b5f6-7edd-8bd5-58ae279ea551" testName="getChaptersTest" computerName="2TAFFY" duration="00:00:06.5669464" startTime="2011-11-15T01:21:37.9277343-05:00" endTime="2011-11-15T01:21:45.7910156-05:00" testType="13cdc9d9-ddb5-4fa4-a97d-d965ccfc6d4b" outcome="Passed" testListId="8c84fa94-04c1-424b-9868-57a2d4851a1d" relativeResultsDirectory="91418986-b6ae-408f-921d-7ad16323fb8a">
    </UnitTestResult>
  </Results>
</TestRun>