<?xml version="1.0" encoding="UTF-8"?>
<TestRun id="9cbc050a-e344-473b-80d9-a9941d8c60da" name="Steven@2TAFFY 2011-10-20 21:23:56" runUser="2taffy\Steven" xmlns="http://microsoft.com/schemas/VisualStudio/TeamTest/2010">
  <TestSettings name="Local" id="4410de8a-38d1-403a-bdf5-078b41739082">
    <Description>These are default test settings for a local test run.</Description>
    <Deployment enabled="false" runDeploymentRoot="Steven_2TAFFY 2011-10-20 21_23_56">
      <DeploymentItem filename="C:\Users\Steven\Documents\Visual Studio 2010\Projects\Fast_Script\Fast Script\bin\Debug\Fast Script.exe" />
      <DeploymentItem filename="C:\Users\Steven\Documents\Visual Studio 2010\Projects\Fast_Script\Fast Script\yeti.mmedia\bin\Debug\yeti.mmedia.dll" />
      <DeploymentItem filename="C:\Users\Steven\Documents\Visual Studio 2010\Projects\Fast_Script\Fast Script\yeti.mp3\bin\Debug\yeti.mp3.dll" />
    </Deployment>
    <Execution>
      <TestTypeSpecific />
      <AgentRule name="Execution Agents">
      </AgentRule>
    </Execution>
  </TestSettings>
  <Times creation="2011-10-20T21:23:56.3252499-04:00" queuing="2011-10-20T21:23:56.3418515-04:00" start="2011-10-20T21:23:56.3633359-04:00" finish="2011-10-20T21:23:56.9580624-04:00" />
  <ResultSummary outcome="Warning">
    <Counters total="2" executed="2" passed="2" error="0" failed="0" timeout="0" aborted="0" inconclusive="0" passedButRunAborted="0" notRunnable="0" notExecuted="0" disconnected="0" warning="0" completed="0" inProgress="0" pending="0" />
    <RunInfos>
      <RunInfo computerName="2TAFFY" outcome="Warning" timestamp="2011-10-20T21:23:56.3408749-04:00">
        <Text>Deployment is currently disabled. The deployment item 'Fast Script.exe' on test 'TestFastScript.searchParsingTest.fixBookNumberTitlesInSearchArrayTest' was not deployed.</Text>
      </RunInfo>
    </RunInfos>
  </ResultSummary>
  <TestDefinitions>
    <UnitTest name="fixBookNumberTitlesInSearchArrayTest" storage="c:\users\steven\documents\visual studio 2010\projects\fast_script\testfastscript\bin\debug\testfastscript.dll" id="e1487494-3e49-0cef-2a49-75c75dc7fc2e">
      <DeploymentItems>
        <DeploymentItem filename="Fast Script.exe" />
      </DeploymentItems>
      <Execution id="6bd9cb56-deff-4355-9488-91fa4b93ab82" />
      <TestMethod codeBase="C:/Users/Steven/Documents/Visual Studio 2010/Projects/Fast_Script/TestFastScript/bin/Debug/TestFastScript.DLL" adapterTypeName="Microsoft.VisualStudio.TestTools.TestTypes.Unit.UnitTestAdapter, Microsoft.VisualStudio.QualityTools.Tips.UnitTest.Adapter, Version=10.0.0.0, Culture=neutral, PublicKeyToken=b03f5f7f11d50a3a" className="TestFastScript.searchParsingTest, TestFastScript, Version=1.0.0.0, Culture=neutral, PublicKeyToken=null" name="fixBookNumberTitlesInSearchArrayTest" />
    </UnitTest>
    <UnitTest name="combineHyphenAndDashInArrayTest" storage="c:\users\steven\documents\visual studio 2010\projects\fast_script\testfastscript\bin\debug\testfastscript.dll" id="c0cf9d6e-7b88-47df-1621-0d7b80e9037d">
      <DeploymentItems>
        <DeploymentItem filename="Fast Script.exe" />
      </DeploymentItems>
      <Execution id="fd0c394a-0457-4076-b035-9ea02dadebdc" />
      <TestMethod codeBase="C:/Users/Steven/Documents/Visual Studio 2010/Projects/Fast_Script/TestFastScript/bin/Debug/TestFastScript.DLL" adapterTypeName="Microsoft.VisualStudio.TestTools.TestTypes.Unit.UnitTestAdapter, Microsoft.VisualStudio.QualityTools.Tips.UnitTest.Adapter, Version=10.0.0.0, Culture=neutral, PublicKeyToken=b03f5f7f11d50a3a" className="TestFastScript.searchParsingTest, TestFastScript, Version=1.0.0.0, Culture=neutral, PublicKeyToken=null" name="combineHyphenAndDashInArrayTest" />
    </UnitTest>
  </TestDefinitions>
  <TestLists>
    <TestList name="Results Not in a List" id="8c84fa94-04c1-424b-9868-57a2d4851a1d" />
    <TestList name="All Loaded Results" id="19431567-8539-422a-85d7-44ee4e166bda" />
  </TestLists>
  <TestEntries>
    <TestEntry testId="c0cf9d6e-7b88-47df-1621-0d7b80e9037d" executionId="fd0c394a-0457-4076-b035-9ea02dadebdc" testListId="8c84fa94-04c1-424b-9868-57a2d4851a1d" />
    <TestEntry testId="e1487494-3e49-0cef-2a49-75c75dc7fc2e" executionId="6bd9cb56-deff-4355-9488-91fa4b93ab82" testListId="8c84fa94-04c1-424b-9868-57a2d4851a1d" />
  </TestEntries>
  <Results>
    <UnitTestResult executionId="fd0c394a-0457-4076-b035-9ea02dadebdc" testId="c0cf9d6e-7b88-47df-1621-0d7b80e9037d" testName="combineHyphenAndDashInArrayTest" computerName="2TAFFY" duration="00:00:00.0412088" startTime="2011-10-20T21:23:56.4082577-04:00" endTime="2011-10-20T21:23:56.8643124-04:00" testType="13cdc9d9-ddb5-4fa4-a97d-d965ccfc6d4b" outcome="Passed" testListId="8c84fa94-04c1-424b-9868-57a2d4851a1d" relativeResultsDirectory="fd0c394a-0457-4076-b035-9ea02dadebdc">
    </UnitTestResult>
    <UnitTestResult executionId="6bd9cb56-deff-4355-9488-91fa4b93ab82" testId="e1487494-3e49-0cef-2a49-75c75dc7fc2e" testName="fixBookNumberTitlesInSearchArrayTest" computerName="2TAFFY" duration="00:00:00.0035798" startTime="2011-10-20T21:23:56.8857968-04:00" endTime="2011-10-20T21:23:56.9150937-04:00" testType="13cdc9d9-ddb5-4fa4-a97d-d965ccfc6d4b" outcome="Passed" testListId="8c84fa94-04c1-424b-9868-57a2d4851a1d" relativeResultsDirectory="6bd9cb56-deff-4355-9488-91fa4b93ab82">
    </UnitTestResult>
  </Results>
</TestRun>