<?xml version="1.0" encoding="UTF-8"?>
<TestRun id="c5e84410-c71d-4361-b4c8-56f1f9800129" name="Steven@2TAFFY 2011-11-16 01:25:18" runUser="2taffy\Steven" xmlns="http://microsoft.com/schemas/VisualStudio/TeamTest/2010">
  <TestSettings name="Local" id="4410de8a-38d1-403a-bdf5-078b41739082">
    <Description>These are default test settings for a local test run.</Description>
    <Deployment enabled="false" runDeploymentRoot="Steven_2TAFFY 2011-11-16 01_25_18">
      <DeploymentItem filename="C:\Users\Steven\Documents\Visual Studio 2010\Projects\Fast_Script\Fast Script\bin\Debug\Fast Script.exe" />
      <DeploymentItem filename="C:\Users\Steven\Documents\Visual Studio 2010\Projects\Fast_Script\Fast Script\yeti.mmedia\bin\Debug\yeti.mmedia.dll" />
      <DeploymentItem filename="C:\Users\Steven\Documents\Visual Studio 2010\Projects\Fast_Script\Fast Script\yeti.mp3\bin\Debug\yeti.mp3.dll" />
    </Deployment>
    <Execution>
      <TestTypeSpecific />
      <AgentRule name="Execution Agents">
      </AgentRule>
    </Execution>
  </TestSettings>
  <Times creation="2011-11-16T01:25:18.0234375-05:00" queuing="2011-11-16T01:25:19.8720703-05:00" start="2011-11-16T01:25:20.0654296-05:00" finish="2011-11-16T01:25:51.4726562-05:00" />
  <ResultSummary outcome="Error">
    <Counters total="6" executed="4" passed="3" error="0" failed="0" timeout="0" aborted="1" inconclusive="0" passedButRunAborted="0" notRunnable="0" notExecuted="2" disconnected="0" warning="0" completed="0" inProgress="0" pending="0" />
    <RunInfos>
      <RunInfo computerName="2TAFFY" outcome="Warning" timestamp="2011-11-16T01:25:18.0703125-05:00">
        <Text>Deployment is currently disabled. The deployment item 'Fast Script.exe' on test 'TestFastScript.searchParsingTest.capitalizeWordTest' was not deployed.</Text>
      </RunInfo>
      <RunInfo computerName="2TAFFY" outcome="Error" timestamp="2011-11-16T01:25:51.4687500-05:00">
        <Text>Test host process exited unexpectedly.</Text>
      </RunInfo>
    </RunInfos>
  </ResultSummary>
  <TestDefinitions>
    <UnitTest name="capitalizeWordTest" storage="c:\users\steven\documents\visual studio 2010\projects\fast_script\testfastscript\bin\debug\testfastscript.dll" id="6f645d4d-24d2-e102-b8c9-3d9427c422dc">
      <DeploymentItems>
        <DeploymentItem filename="Fast Script.exe" />
      </DeploymentItems>
      <Execution id="9a77f61d-ae7f-4d65-a428-49230ecd11dc" />
      <TestMethod codeBase="C:/Users/Steven/Documents/Visual Studio 2010/Projects/Fast_Script/TestFastScript/bin/Debug/TestFastScript.DLL" adapterTypeName="Microsoft.VisualStudio.TestTools.TestTypes.Unit.UnitTestAdapter, Microsoft.VisualStudio.QualityTools.Tips.UnitTest.Adapter, Version=10.0.0.0, Culture=neutral, PublicKeyToken=b03f5f7f11d50a3a" className="TestFastScript.searchParsingTest, TestFastScript, Version=1.0.0.0, Culture=neutral, PublicKeyToken=null" name="capitalizeWordTest" />
    </UnitTest>
    <UnitTest name="fixBookNumberTitlesInSearchArrayTest" storage="c:\users\steven\documents\visual studio 2010\projects\fast_script\testfastscript\bin\debug\testfastscript.dll" id="e1487494-3e49-0cef-2a49-75c75dc7fc2e">
      <DeploymentItems>
        <DeploymentItem filename="Fast Script.exe" />
      </DeploymentItems>
      <Execution id="db3c6a56-2a69-42d4-b47c-8dce618ce0a0" />
      <TestMethod codeBase="C:/Users/Steven/Documents/Visual Studio 2010/Projects/Fast_Script/TestFastScript/bin/Debug/TestFastScript.DLL" adapterTypeName="Microsoft.VisualStudio.TestTools.TestTypes.Unit.UnitTestAdapter, Microsoft.VisualStudio.QualityTools.Tips.UnitTest.Adapter, Version=10.0.0.0, Culture=neutral, PublicKeyToken=b03f5f7f11d50a3a" className="TestFastScript.searchParsingTest, TestFastScript, Version=1.0.0.0, Culture=neutral, PublicKeyToken=null" name="fixBookNumberTitlesInSearchArrayTest" />
    </UnitTest>
    <UnitTest name="containsBookTest" storage="c:\users\steven\documents\visual studio 2010\projects\fast_script\testfastscript\bin\debug\testfastscript.dll" id="e62d39f6-2b5f-895b-e960-1579a42610fb">
      <Execution id="3a98ee80-d864-40ba-9e7b-329adf2db163" />
      <TestMethod codeBase="C:/Users/Steven/Documents/Visual Studio 2010/Projects/Fast_Script/TestFastScript/bin/Debug/TestFastScript.DLL" adapterTypeName="Microsoft.VisualStudio.TestTools.TestTypes.Unit.UnitTestAdapter, Microsoft.VisualStudio.QualityTools.Tips.UnitTest.Adapter, Version=10.0.0.0, Culture=neutral, PublicKeyToken=b03f5f7f11d50a3a" className="TestFastScript.indexLookerTest, TestFastScript, Version=1.0.0.0, Culture=neutral, PublicKeyToken=null" name="containsBookTest" />
    </UnitTest>
    <UnitTest name="getChaptersTest" storage="c:\users\steven\documents\visual studio 2010\projects\fast_script\testfastscript\bin\debug\testfastscript.dll" id="b58b5f83-b5f6-7edd-8bd5-58ae279ea551">
      <Execution id="eebc1923-b9d7-4dd9-b45b-cc2c4d9b0fea" />
      <TestMethod codeBase="C:/Users/Steven/Documents/Visual Studio 2010/Projects/Fast_Script/TestFastScript/bin/Debug/TestFastScript.DLL" adapterTypeName="Microsoft.VisualStudio.TestTools.TestTypes.Unit.UnitTestAdapter, Microsoft.VisualStudio.QualityTools.Tips.UnitTest.Adapter, Version=10.0.0.0, Culture=neutral, PublicKeyToken=b03f5f7f11d50a3a" className="TestFastScript.indexLookerTest, TestFastScript, Version=1.0.0.0, Culture=neutral, PublicKeyToken=null" name="getChaptersTest" />
    </UnitTest>
    <UnitTest name="searchStringTest" storage="c:\users\steven\documents\visual studio 2010\projects\fast_script\testfastscript\bin\debug\testfastscript.dll" id="c57f7621-8cb9-1ea6-5c48-ed761f1ea727">
      <Execution id="abdd070d-1ec5-43f8-813e-c899bde1fecf" />
      <TestMethod codeBase="C:/Users/Steven/Documents/Visual Studio 2010/Projects/Fast_Script/TestFastScript/bin/Debug/TestFastScript.DLL" adapterTypeName="Microsoft.VisualStudio.TestTools.TestTypes.Unit.UnitTestAdapter, Microsoft.VisualStudio.QualityTools.Tips.UnitTest.Adapter, Version=10.0.0.0, Culture=neutral, PublicKeyToken=b03f5f7f11d50a3a" className="TestFastScript.searchParsingTest, TestFastScript, Version=1.0.0.0, Culture=neutral, PublicKeyToken=null" name="searchStringTest" />
    </UnitTest>
    <UnitTest name="combineHyphenAndDashInArrayTest" storage="c:\users\steven\documents\visual studio 2010\projects\fast_script\testfastscript\bin\debug\testfastscript.dll" id="c0cf9d6e-7b88-47df-1621-0d7b80e9037d">
      <DeploymentItems>
        <DeploymentItem filename="Fast Script.exe" />
      </DeploymentItems>
      <Execution id="e2874a1f-1105-4413-b0f4-aeb34abe916b" />
      <TestMethod codeBase="C:/Users/Steven/Documents/Visual Studio 2010/Projects/Fast_Script/TestFastScript/bin/Debug/TestFastScript.DLL" adapterTypeName="Microsoft.VisualStudio.TestTools.TestTypes.Unit.UnitTestAdapter, Microsoft.VisualStudio.QualityTools.Tips.UnitTest.Adapter, Version=10.0.0.0, Culture=neutral, PublicKeyToken=b03f5f7f11d50a3a" className="TestFastScript.searchParsingTest, TestFastScript, Version=1.0.0.0, Culture=neutral, PublicKeyToken=null" name="combineHyphenAndDashInArrayTest" />
    </UnitTest>
  </TestDefinitions>
  <TestLists>
    <TestList name="Results Not in a List" id="8c84fa94-04c1-424b-9868-57a2d4851a1d" />
    <TestList name="All Loaded Results" id="19431567-8539-422a-85d7-44ee4e166bda" />
  </TestLists>
  <TestEntries>
    <TestEntry testId="6f645d4d-24d2-e102-b8c9-3d9427c422dc" executionId="9a77f61d-ae7f-4d65-a428-49230ecd11dc" testListId="8c84fa94-04c1-424b-9868-57a2d4851a1d" />
    <TestEntry testId="b58b5f83-b5f6-7edd-8bd5-58ae279ea551" executionId="eebc1923-b9d7-4dd9-b45b-cc2c4d9b0fea" testListId="8c84fa94-04c1-424b-9868-57a2d4851a1d" />
    <TestEntry testId="c0cf9d6e-7b88-47df-1621-0d7b80e9037d" executionId="e2874a1f-1105-4413-b0f4-aeb34abe916b" testListId="8c84fa94-04c1-424b-9868-57a2d4851a1d" />
    <TestEntry testId="c57f7621-8cb9-1ea6-5c48-ed761f1ea727" executionId="abdd070d-1ec5-43f8-813e-c899bde1fecf" testListId="8c84fa94-04c1-424b-9868-57a2d4851a1d" />
    <TestEntry testId="e1487494-3e49-0cef-2a49-75c75dc7fc2e" executionId="db3c6a56-2a69-42d4-b47c-8dce618ce0a0" testListId="8c84fa94-04c1-424b-9868-57a2d4851a1d" />
    <TestEntry testId="e62d39f6-2b5f-895b-e960-1579a42610fb" executionId="3a98ee80-d864-40ba-9e7b-329adf2db163" testListId="8c84fa94-04c1-424b-9868-57a2d4851a1d" />
  </TestEntries>
  <Results>
    <UnitTestResult executionId="9a77f61d-ae7f-4d65-a428-49230ecd11dc" testId="6f645d4d-24d2-e102-b8c9-3d9427c422dc" testName="capitalizeWordTest" computerName="2TAFFY" duration="00:00:04.3306447" startTime="2011-11-16T01:25:20.2187500-05:00" endTime="2011-11-16T01:25:25.7509765-05:00" testType="13cdc9d9-ddb5-4fa4-a97d-d965ccfc6d4b" outcome="Passed" testListId="8c84fa94-04c1-424b-9868-57a2d4851a1d" relativeResultsDirectory="9a77f61d-ae7f-4d65-a428-49230ecd11dc">
    </UnitTestResult>
    <UnitTestResult executionId="eebc1923-b9d7-4dd9-b45b-cc2c4d9b0fea" testId="b58b5f83-b5f6-7edd-8bd5-58ae279ea551" testName="getChaptersTest" computerName="2TAFFY" duration="00:00:04.3637777" startTime="2011-11-16T01:25:25.7968750-05:00" endTime="2011-11-16T01:25:30.2011718-05:00" testType="13cdc9d9-ddb5-4fa4-a97d-d965ccfc6d4b" outcome="Passed" testListId="8c84fa94-04c1-424b-9868-57a2d4851a1d" relativeResultsDirectory="eebc1923-b9d7-4dd9-b45b-cc2c4d9b0fea">
    </UnitTestResult>
    <UnitTestResult executionId="e2874a1f-1105-4413-b0f4-aeb34abe916b" testId="c0cf9d6e-7b88-47df-1621-0d7b80e9037d" testName="combineHyphenAndDashInArrayTest" computerName="2TAFFY" duration="00:00:04.1936660" startTime="2011-11-16T01:25:30.5458984-05:00" endTime="2011-11-16T01:25:34.7929687-05:00" testType="13cdc9d9-ddb5-4fa4-a97d-d965ccfc6d4b" outcome="Passed" testListId="8c84fa94-04c1-424b-9868-57a2d4851a1d" relativeResultsDirectory="e2874a1f-1105-4413-b0f4-aeb34abe916b">
    </UnitTestResult>
    <UnitTestResult executionId="abdd070d-1ec5-43f8-813e-c899bde1fecf" testId="c57f7621-8cb9-1ea6-5c48-ed761f1ea727" testName="searchStringTest" computerName="2TAFFY" duration="00:00:16.6503906" startTime="2011-11-16T01:25:34.8222656-05:00" endTime="2011-11-16T01:25:51.4726562-05:00" testType="13cdc9d9-ddb5-4fa4-a97d-d965ccfc6d4b" outcome="Aborted" testListId="8c84fa94-04c1-424b-9868-57a2d4851a1d" relativeResultsDirectory="abdd070d-1ec5-43f8-813e-c899bde1fecf">
    </UnitTestResult>
    <UnitTestResult executionId="db3c6a56-2a69-42d4-b47c-8dce618ce0a0" testId="e1487494-3e49-0cef-2a49-75c75dc7fc2e" testName="fixBookNumberTitlesInSearchArrayTest" computerName="2TAFFY" testType="13cdc9d9-ddb5-4fa4-a97d-d965ccfc6d4b" outcome="NotExecuted" testListId="8c84fa94-04c1-424b-9868-57a2d4851a1d" relativeResultsDirectory="db3c6a56-2a69-42d4-b47c-8dce618ce0a0">
    </UnitTestResult>
    <UnitTestResult executionId="3a98ee80-d864-40ba-9e7b-329adf2db163" testId="e62d39f6-2b5f-895b-e960-1579a42610fb" testName="containsBookTest" computerName="2TAFFY" testType="13cdc9d9-ddb5-4fa4-a97d-d965ccfc6d4b" outcome="NotExecuted" testListId="8c84fa94-04c1-424b-9868-57a2d4851a1d" relativeResultsDirectory="3a98ee80-d864-40ba-9e7b-329adf2db163">
    </UnitTestResult>
  </Results>
</TestRun>