<?xml version="1.0" encoding="UTF-8"?>
<TestRun id="30bae62e-8810-4ee9-bad9-0f18dc632de6" name="Steven@2TAFFY 2011-10-20 21:23:35" runUser="2taffy\Steven" xmlns="http://microsoft.com/schemas/VisualStudio/TeamTest/2010">
  <TestSettings name="Local" id="4410de8a-38d1-403a-bdf5-078b41739082">
    <Description>These are default test settings for a local test run.</Description>
    <Deployment enabled="false" runDeploymentRoot="Steven_2TAFFY 2011-10-20 21_23_35">
      <DeploymentItem filename="C:\Users\Steven\Documents\Visual Studio 2010\Projects\Fast_Script\Fast Script\bin\Debug\Fast Script.exe" />
      <DeploymentItem filename="C:\Users\Steven\Documents\Visual Studio 2010\Projects\Fast_Script\Fast Script\yeti.mmedia\bin\Debug\yeti.mmedia.dll" />
      <DeploymentItem filename="C:\Users\Steven\Documents\Visual Studio 2010\Projects\Fast_Script\Fast Script\yeti.mp3\bin\Debug\yeti.mp3.dll" />
    </Deployment>
    <Execution>
      <TestTypeSpecific />
      <AgentRule name="Execution Agents">
      </AgentRule>
    </Execution>
  </TestSettings>
  <Times creation="2011-10-20T21:23:35.7471249-04:00" queuing="2011-10-20T21:23:35.7686093-04:00" start="2011-10-20T21:23:35.8057187-04:00" finish="2011-10-20T21:23:36.4063046-04:00" />
  <ResultSummary outcome="Failed">
    <Counters total="1" executed="1" error="0" failed="1" timeout="0" aborted="0" inconclusive="0" passedButRunAborted="0" notRunnable="0" notExecuted="0" disconnected="0" warning="0" passed="0" completed="0" inProgress="0" pending="0" />
    <RunInfos>
      <RunInfo computerName="2TAFFY" outcome="Warning" timestamp="2011-10-20T21:23:35.7676327-04:00">
        <Text>Deployment is currently disabled. The deployment item 'Fast Script.exe' on test 'TestFastScript.searchParsingTest.fixBookNumberTitlesInSearchArrayTest' was not deployed.</Text>
      </RunInfo>
    </RunInfos>
  </ResultSummary>
  <TestDefinitions>
    <UnitTest name="fixBookNumberTitlesInSearchArrayTest" storage="c:\users\steven\documents\visual studio 2010\projects\fast_script\testfastscript\bin\debug\testfastscript.dll" id="e1487494-3e49-0cef-2a49-75c75dc7fc2e">
      <DeploymentItems>
        <DeploymentItem filename="Fast Script.exe" />
      </DeploymentItems>
      <Execution id="44d9fb1e-8395-4824-a394-d02d6cc3e530" />
      <TestMethod codeBase="C:/Users/Steven/Documents/Visual Studio 2010/Projects/Fast_Script/TestFastScript/bin/Debug/TestFastScript.DLL" adapterTypeName="Microsoft.VisualStudio.TestTools.TestTypes.Unit.UnitTestAdapter, Microsoft.VisualStudio.QualityTools.Tips.UnitTest.Adapter, Version=10.0.0.0, Culture=neutral, PublicKeyToken=b03f5f7f11d50a3a" className="TestFastScript.searchParsingTest, TestFastScript, Version=1.0.0.0, Culture=neutral, PublicKeyToken=null" name="fixBookNumberTitlesInSearchArrayTest" />
    </UnitTest>
  </TestDefinitions>
  <TestLists>
    <TestList name="Results Not in a List" id="8c84fa94-04c1-424b-9868-57a2d4851a1d" />
    <TestList name="All Loaded Results" id="19431567-8539-422a-85d7-44ee4e166bda" />
  </TestLists>
  <TestEntries>
    <TestEntry testId="e1487494-3e49-0cef-2a49-75c75dc7fc2e" executionId="44d9fb1e-8395-4824-a394-d02d6cc3e530" testListId="8c84fa94-04c1-424b-9868-57a2d4851a1d" />
  </TestEntries>
  <Results>
    <UnitTestResult executionId="44d9fb1e-8395-4824-a394-d02d6cc3e530" testId="e1487494-3e49-0cef-2a49-75c75dc7fc2e" testName="fixBookNumberTitlesInSearchArrayTest" computerName="2TAFFY" duration="00:00:00.0906129" startTime="2011-10-20T21:23:35.8838437-04:00" endTime="2011-10-20T21:23:36.3643124-04:00" testType="13cdc9d9-ddb5-4fa4-a97d-d965ccfc6d4b" outcome="Failed" testListId="8c84fa94-04c1-424b-9868-57a2d4851a1d" relativeResultsDirectory="44d9fb1e-8395-4824-a394-d02d6cc3e530">
      <Output>
        <ErrorInfo>
          <Message>Assert.AreEqual failed. Expected:&lt;1John&gt;. Actual:&lt;1 John&gt;. </Message>
          <StackTrace>   at TestFastScript.searchParsingTest.fixBookNumberTitlesInSearchArrayTest() in C:\Users\Steven\Documents\Visual Studio 2010\Projects\Fast_Script\TestFastScript\searchParsingTest.cs:line 96
</StackTrace>
        </ErrorInfo>
      </Output>
    </UnitTestResult>
  </Results>
</TestRun>