<?xml version="1.0" encoding="UTF-8"?>
<TestRun id="9f0d4787-4a34-4a0e-b8d6-faa8ef07b693" name="Steven@2TAFFY 2011-11-15 01:18:14" runUser="2taffy\Steven" xmlns="http://microsoft.com/schemas/VisualStudio/TeamTest/2010">
  <TestSettings name="Local" id="4410de8a-38d1-403a-bdf5-078b41739082">
    <Description>These are default test settings for a local test run.</Description>
    <Deployment enabled="false" runDeploymentRoot="Steven_2TAFFY 2011-11-15 01_18_14">
      <DeploymentItem filename="C:\Users\Steven\Documents\Visual Studio 2010\Projects\Fast_Script\Fast Script\bin\Debug\Fast Script.exe" />
      <DeploymentItem filename="C:\Users\Steven\Documents\Visual Studio 2010\Projects\Fast_Script\Fast Script\yeti.mmedia\bin\Debug\yeti.mmedia.dll" />
      <DeploymentItem filename="C:\Users\Steven\Documents\Visual Studio 2010\Projects\Fast_Script\Fast Script\yeti.mp3\bin\Debug\yeti.mp3.dll" />
    </Deployment>
    <Execution>
      <TestTypeSpecific />
      <AgentRule name="Execution Agents">
      </AgentRule>
    </Execution>
  </TestSettings>
  <Times creation="2011-11-15T01:18:14.8437500-05:00" queuing="2011-11-15T01:18:16.9316406-05:00" start="2011-11-15T01:18:17.3251953-05:00" finish="2011-11-15T01:18:50.1806640-05:00" />
  <ResultSummary outcome="Error">
    <Counters total="1" executed="1" error="0" failed="0" timeout="0" aborted="1" inconclusive="0" passedButRunAborted="0" notRunnable="0" notExecuted="0" disconnected="0" warning="0" passed="0" completed="0" inProgress="0" pending="0" />
    <RunInfos>
      <RunInfo computerName="2TAFFY" outcome="Error" timestamp="2011-11-15T01:18:50.1777343-05:00">
        <Text>Test host process exited unexpectedly.</Text>
      </RunInfo>
    </RunInfos>
  </ResultSummary>
  <TestDefinitions>
    <UnitTest name="getChaptersTest" storage="c:\users\steven\documents\visual studio 2010\projects\fast_script\testfastscript\bin\debug\testfastscript.dll" id="b58b5f83-b5f6-7edd-8bd5-58ae279ea551">
      <Execution id="83d0fcc2-ff8d-46cc-8d77-6522d562d239" />
      <TestMethod codeBase="C:/Users/Steven/Documents/Visual Studio 2010/Projects/Fast_Script/TestFastScript/bin/Debug/TestFastScript.DLL" adapterTypeName="Microsoft.VisualStudio.TestTools.TestTypes.Unit.UnitTestAdapter, Microsoft.VisualStudio.QualityTools.Tips.UnitTest.Adapter, Version=10.0.0.0, Culture=neutral, PublicKeyToken=b03f5f7f11d50a3a" className="TestFastScript.indexLookerTest, TestFastScript, Version=1.0.0.0, Culture=neutral, PublicKeyToken=null" name="getChaptersTest" />
    </UnitTest>
  </TestDefinitions>
  <TestLists>
    <TestList name="Results Not in a List" id="8c84fa94-04c1-424b-9868-57a2d4851a1d" />
    <TestList name="All Loaded Results" id="19431567-8539-422a-85d7-44ee4e166bda" />
  </TestLists>
  <TestEntries>
    <TestEntry testId="b58b5f83-b5f6-7edd-8bd5-58ae279ea551" executionId="83d0fcc2-ff8d-46cc-8d77-6522d562d239" testListId="8c84fa94-04c1-424b-9868-57a2d4851a1d" />
  </TestEntries>
  <Results>
    <UnitTestResult executionId="83d0fcc2-ff8d-46cc-8d77-6522d562d239" testId="b58b5f83-b5f6-7edd-8bd5-58ae279ea551" testName="getChaptersTest" computerName="2TAFFY" duration="00:00:31.7353515" startTime="2011-11-15T01:18:18.4453125-05:00" endTime="2011-11-15T01:18:50.1806640-05:00" testType="13cdc9d9-ddb5-4fa4-a97d-d965ccfc6d4b" outcome="Aborted" testListId="8c84fa94-04c1-424b-9868-57a2d4851a1d" relativeResultsDirectory="83d0fcc2-ff8d-46cc-8d77-6522d562d239">
    </UnitTestResult>
  </Results>
</TestRun>