<?xml version="1.0" encoding="UTF-8"?>
<TestRun id="cc275f8c-f706-479c-a1a2-b633dcd38257" name="Steven@2TAFFY 2011-11-16 00:46:27" runUser="2taffy\Steven" xmlns="http://microsoft.com/schemas/VisualStudio/TeamTest/2010">
  <TestSettings name="Local" id="4410de8a-38d1-403a-bdf5-078b41739082">
    <Description>These are default test settings for a local test run.</Description>
    <Deployment enabled="false" runDeploymentRoot="Steven_2TAFFY 2011-11-16 00_46_27">
      <DeploymentItem filename="C:\Users\Steven\Documents\Visual Studio 2010\Projects\Fast_Script\Fast Script\bin\Debug\Fast Script.exe" />
      <DeploymentItem filename="C:\Users\Steven\Documents\Visual Studio 2010\Projects\Fast_Script\Fast Script\yeti.mmedia\bin\Debug\yeti.mmedia.dll" />
      <DeploymentItem filename="C:\Users\Steven\Documents\Visual Studio 2010\Projects\Fast_Script\Fast Script\yeti.mp3\bin\Debug\yeti.mp3.dll" />
    </Deployment>
    <Execution>
      <TestTypeSpecific />
      <AgentRule name="Execution Agents">
      </AgentRule>
    </Execution>
  </TestSettings>
  <Times creation="2011-11-16T00:46:27.9892578-05:00" queuing="2011-11-16T00:46:29.6972656-05:00" start="2011-11-16T00:46:29.8515625-05:00" finish="2011-11-16T00:46:58.8574218-05:00" />
  <ResultSummary outcome="Warning">
    <Counters total="6" executed="6" passed="6" error="0" failed="0" timeout="0" aborted="0" inconclusive="0" passedButRunAborted="0" notRunnable="0" notExecuted="0" disconnected="0" warning="0" completed="0" inProgress="0" pending="0" />
    <RunInfos>
      <RunInfo computerName="2TAFFY" outcome="Warning" timestamp="2011-11-16T00:46:28.0312500-05:00">
        <Text>Deployment is currently disabled. The deployment item 'Fast Script.exe' on test 'TestFastScript.searchParsingTest.capitalizeWordTest' was not deployed.</Text>
      </RunInfo>
    </RunInfos>
  </ResultSummary>
  <TestDefinitions>
    <UnitTest name="capitalizeWordTest" storage="c:\users\steven\documents\visual studio 2010\projects\fast_script\testfastscript\bin\debug\testfastscript.dll" id="6f645d4d-24d2-e102-b8c9-3d9427c422dc">
      <DeploymentItems>
        <DeploymentItem filename="Fast Script.exe" />
      </DeploymentItems>
      <Execution id="f19de010-344c-4cb6-be6d-413b13d193a1" />
      <TestMethod codeBase="C:/Users/Steven/Documents/Visual Studio 2010/Projects/Fast_Script/TestFastScript/bin/Debug/TestFastScript.DLL" adapterTypeName="Microsoft.VisualStudio.TestTools.TestTypes.Unit.UnitTestAdapter, Microsoft.VisualStudio.QualityTools.Tips.UnitTest.Adapter, Version=10.0.0.0, Culture=neutral, PublicKeyToken=b03f5f7f11d50a3a" className="TestFastScript.searchParsingTest, TestFastScript, Version=1.0.0.0, Culture=neutral, PublicKeyToken=null" name="capitalizeWordTest" />
    </UnitTest>
    <UnitTest name="fixBookNumberTitlesInSearchArrayTest" storage="c:\users\steven\documents\visual studio 2010\projects\fast_script\testfastscript\bin\debug\testfastscript.dll" id="e1487494-3e49-0cef-2a49-75c75dc7fc2e">
      <DeploymentItems>
        <DeploymentItem filename="Fast Script.exe" />
      </DeploymentItems>
      <Execution id="aebc3ab1-79b7-4355-8a74-6cbfd914cac5" />
      <TestMethod codeBase="C:/Users/Steven/Documents/Visual Studio 2010/Projects/Fast_Script/TestFastScript/bin/Debug/TestFastScript.DLL" adapterTypeName="Microsoft.VisualStudio.TestTools.TestTypes.Unit.UnitTestAdapter, Microsoft.VisualStudio.QualityTools.Tips.UnitTest.Adapter, Version=10.0.0.0, Culture=neutral, PublicKeyToken=b03f5f7f11d50a3a" className="TestFastScript.searchParsingTest, TestFastScript, Version=1.0.0.0, Culture=neutral, PublicKeyToken=null" name="fixBookNumberTitlesInSearchArrayTest" />
    </UnitTest>
    <UnitTest name="containsBookTest" storage="c:\users\steven\documents\visual studio 2010\projects\fast_script\testfastscript\bin\debug\testfastscript.dll" id="e62d39f6-2b5f-895b-e960-1579a42610fb">
      <Execution id="a9da2a4b-289b-49df-a2a3-8cf972314d6e" />
      <TestMethod codeBase="C:/Users/Steven/Documents/Visual Studio 2010/Projects/Fast_Script/TestFastScript/bin/Debug/TestFastScript.DLL" adapterTypeName="Microsoft.VisualStudio.TestTools.TestTypes.Unit.UnitTestAdapter, Microsoft.VisualStudio.QualityTools.Tips.UnitTest.Adapter, Version=10.0.0.0, Culture=neutral, PublicKeyToken=b03f5f7f11d50a3a" className="TestFastScript.indexLookerTest, TestFastScript, Version=1.0.0.0, Culture=neutral, PublicKeyToken=null" name="containsBookTest" />
    </UnitTest>
    <UnitTest name="getChaptersTest" storage="c:\users\steven\documents\visual studio 2010\projects\fast_script\testfastscript\bin\debug\testfastscript.dll" id="b58b5f83-b5f6-7edd-8bd5-58ae279ea551">
      <Execution id="43619e18-6de6-4ab2-9b99-9ff53ef14432" />
      <TestMethod codeBase="C:/Users/Steven/Documents/Visual Studio 2010/Projects/Fast_Script/TestFastScript/bin/Debug/TestFastScript.DLL" adapterTypeName="Microsoft.VisualStudio.TestTools.TestTypes.Unit.UnitTestAdapter, Microsoft.VisualStudio.QualityTools.Tips.UnitTest.Adapter, Version=10.0.0.0, Culture=neutral, PublicKeyToken=b03f5f7f11d50a3a" className="TestFastScript.indexLookerTest, TestFastScript, Version=1.0.0.0, Culture=neutral, PublicKeyToken=null" name="getChaptersTest" />
    </UnitTest>
    <UnitTest name="searchStringTest" storage="c:\users\steven\documents\visual studio 2010\projects\fast_script\testfastscript\bin\debug\testfastscript.dll" id="c57f7621-8cb9-1ea6-5c48-ed761f1ea727">
      <Execution id="13ae3224-20a6-4306-a02c-9a47a86a8d40" />
      <TestMethod codeBase="C:/Users/Steven/Documents/Visual Studio 2010/Projects/Fast_Script/TestFastScript/bin/Debug/TestFastScript.DLL" adapterTypeName="Microsoft.VisualStudio.TestTools.TestTypes.Unit.UnitTestAdapter, Microsoft.VisualStudio.QualityTools.Tips.UnitTest.Adapter, Version=10.0.0.0, Culture=neutral, PublicKeyToken=b03f5f7f11d50a3a" className="TestFastScript.searchParsingTest, TestFastScript, Version=1.0.0.0, Culture=neutral, PublicKeyToken=null" name="searchStringTest" />
    </UnitTest>
    <UnitTest name="combineHyphenAndDashInArrayTest" storage="c:\users\steven\documents\visual studio 2010\projects\fast_script\testfastscript\bin\debug\testfastscript.dll" id="c0cf9d6e-7b88-47df-1621-0d7b80e9037d">
      <DeploymentItems>
        <DeploymentItem filename="Fast Script.exe" />
      </DeploymentItems>
      <Execution id="280446c3-dc60-4c75-b2a9-d8a2b01bee4b" />
      <TestMethod codeBase="C:/Users/Steven/Documents/Visual Studio 2010/Projects/Fast_Script/TestFastScript/bin/Debug/TestFastScript.DLL" adapterTypeName="Microsoft.VisualStudio.TestTools.TestTypes.Unit.UnitTestAdapter, Microsoft.VisualStudio.QualityTools.Tips.UnitTest.Adapter, Version=10.0.0.0, Culture=neutral, PublicKeyToken=b03f5f7f11d50a3a" className="TestFastScript.searchParsingTest, TestFastScript, Version=1.0.0.0, Culture=neutral, PublicKeyToken=null" name="combineHyphenAndDashInArrayTest" />
    </UnitTest>
  </TestDefinitions>
  <TestLists>
    <TestList name="Results Not in a List" id="8c84fa94-04c1-424b-9868-57a2d4851a1d" />
    <TestList name="All Loaded Results" id="19431567-8539-422a-85d7-44ee4e166bda" />
  </TestLists>
  <TestEntries>
    <TestEntry testId="6f645d4d-24d2-e102-b8c9-3d9427c422dc" executionId="f19de010-344c-4cb6-be6d-413b13d193a1" testListId="8c84fa94-04c1-424b-9868-57a2d4851a1d" />
    <TestEntry testId="b58b5f83-b5f6-7edd-8bd5-58ae279ea551" executionId="43619e18-6de6-4ab2-9b99-9ff53ef14432" testListId="8c84fa94-04c1-424b-9868-57a2d4851a1d" />
    <TestEntry testId="c0cf9d6e-7b88-47df-1621-0d7b80e9037d" executionId="280446c3-dc60-4c75-b2a9-d8a2b01bee4b" testListId="8c84fa94-04c1-424b-9868-57a2d4851a1d" />
    <TestEntry testId="c57f7621-8cb9-1ea6-5c48-ed761f1ea727" executionId="13ae3224-20a6-4306-a02c-9a47a86a8d40" testListId="8c84fa94-04c1-424b-9868-57a2d4851a1d" />
    <TestEntry testId="e1487494-3e49-0cef-2a49-75c75dc7fc2e" executionId="aebc3ab1-79b7-4355-8a74-6cbfd914cac5" testListId="8c84fa94-04c1-424b-9868-57a2d4851a1d" />
    <TestEntry testId="e62d39f6-2b5f-895b-e960-1579a42610fb" executionId="a9da2a4b-289b-49df-a2a3-8cf972314d6e" testListId="8c84fa94-04c1-424b-9868-57a2d4851a1d" />
  </TestEntries>
  <Results>
    <UnitTestResult executionId="f19de010-344c-4cb6-be6d-413b13d193a1" testId="6f645d4d-24d2-e102-b8c9-3d9427c422dc" testName="capitalizeWordTest" computerName="2TAFFY" duration="00:00:04.4735581" startTime="2011-11-16T00:46:29.9716796-05:00" endTime="2011-11-16T00:46:35.5937500-05:00" testType="13cdc9d9-ddb5-4fa4-a97d-d965ccfc6d4b" outcome="Passed" testListId="8c84fa94-04c1-424b-9868-57a2d4851a1d" relativeResultsDirectory="f19de010-344c-4cb6-be6d-413b13d193a1">
    </UnitTestResult>
    <UnitTestResult executionId="43619e18-6de6-4ab2-9b99-9ff53ef14432" testId="b58b5f83-b5f6-7edd-8bd5-58ae279ea551" testName="getChaptersTest" computerName="2TAFFY" duration="00:00:04.5983985" startTime="2011-11-16T00:46:35.6386718-05:00" endTime="2011-11-16T00:46:40.2841796-05:00" testType="13cdc9d9-ddb5-4fa4-a97d-d965ccfc6d4b" outcome="Passed" testListId="8c84fa94-04c1-424b-9868-57a2d4851a1d" relativeResultsDirectory="43619e18-6de6-4ab2-9b99-9ff53ef14432">
    </UnitTestResult>
    <UnitTestResult executionId="280446c3-dc60-4c75-b2a9-d8a2b01bee4b" testId="c0cf9d6e-7b88-47df-1621-0d7b80e9037d" testName="combineHyphenAndDashInArrayTest" computerName="2TAFFY" duration="00:00:04.1729304" startTime="2011-11-16T00:46:40.3339843-05:00" endTime="2011-11-16T00:46:44.5341796-05:00" testType="13cdc9d9-ddb5-4fa4-a97d-d965ccfc6d4b" outcome="Passed" testListId="8c84fa94-04c1-424b-9868-57a2d4851a1d" relativeResultsDirectory="280446c3-dc60-4c75-b2a9-d8a2b01bee4b">
    </UnitTestResult>
    <UnitTestResult executionId="13ae3224-20a6-4306-a02c-9a47a86a8d40" testId="c57f7621-8cb9-1ea6-5c48-ed761f1ea727" testName="searchStringTest" computerName="2TAFFY" duration="00:00:04.5568918" startTime="2011-11-16T00:46:44.5996093-05:00" endTime="2011-11-16T00:46:49.1953125-05:00" testType="13cdc9d9-ddb5-4fa4-a97d-d965ccfc6d4b" outcome="Passed" testListId="8c84fa94-04c1-424b-9868-57a2d4851a1d" relativeResultsDirectory="13ae3224-20a6-4306-a02c-9a47a86a8d40">
    </UnitTestResult>
    <UnitTestResult executionId="aebc3ab1-79b7-4355-8a74-6cbfd914cac5" testId="e1487494-3e49-0cef-2a49-75c75dc7fc2e" testName="fixBookNumberTitlesInSearchArrayTest" computerName="2TAFFY" duration="00:00:04.0640030" startTime="2011-11-16T00:46:49.2617187-05:00" endTime="2011-11-16T00:46:53.3613281-05:00" testType="13cdc9d9-ddb5-4fa4-a97d-d965ccfc6d4b" outcome="Passed" testListId="8c84fa94-04c1-424b-9868-57a2d4851a1d" relativeResultsDirectory="aebc3ab1-79b7-4355-8a74-6cbfd914cac5">
    </UnitTestResult>
    <UnitTestResult executionId="a9da2a4b-289b-49df-a2a3-8cf972314d6e" testId="e62d39f6-2b5f-895b-e960-1579a42610fb" testName="containsBookTest" computerName="2TAFFY" duration="00:00:04.8613341" startTime="2011-11-16T00:46:53.4062500-05:00" endTime="2011-11-16T00:46:58.2890625-05:00" testType="13cdc9d9-ddb5-4fa4-a97d-d965ccfc6d4b" outcome="Passed" testListId="8c84fa94-04c1-424b-9868-57a2d4851a1d" relativeResultsDirectory="a9da2a4b-289b-49df-a2a3-8cf972314d6e">
    </UnitTestResult>
  </Results>
</TestRun>